<?xml version="1.0" encoding="UTF-8"?>
<testsuite xmlns:xsi="http://www.w3.org/2001/XMLSchema-instance" xsi:noNamespaceSchemaLocation="https://maven.apache.org/surefire/maven-surefire-plugin/xsd/surefire-test-report.xsd" name="MyTest" time="0.129" tests="9" errors="0" skipped="0" failures="0">
  <properties>
[...]
</properties>
  <testcase name="addingTest" classname="MyTest" time="0.049"/>
  <testcase name="constructTest" classname="MyTest" time="0"/>
  <testcase name="horizontalTest" classname="MyTest" time="0.003"/>
  <testcase name="tieGameTest" classname="MyTest" time="0.007"/>
  <testcase name="DiagonaBTest" classname="MyTest" time="0"/>
  <testcase name="addingTest2" classname="MyTest" time="0.001"/>
  <testcase name="DiagonalTTest" classname="MyTest" time="0.001"/>
  <testcase name="verticalTest" classname="MyTest" time="0.002"/>
  <testcase name="noWinTest" classname="MyTest" time="0.002"/>
</testsuite>